Using pre-set license
Built from '2021.3/staging' branch; Version is '2021.3.8f1 (b30333d56e81) revision 11731763'; Using compiler version '192829333'; Build Type 'Release'
OS: 'Windows 10  (10.0.19045) 64bit Core' Language: 'en' Physical Memory: 8174 MB
BatchMode: 1, IsHumanControllingUs: 0, StartBugReporterOnCrash: 0, Is64bit: 1, IsPro: 1

COMMAND LINE ARGUMENTS:
D:\Game Development\Unity\2021.3.8f1\Editor\Unity.exe
-adb2
-batchMode
-noUpm
-name
AssetImportWorker9
-projectPath
D:/Repos/rex-run-final-build
-logFile
Logs/AssetImportWorker9.log
-srvPort
60159
Successfully changed project path to: D:/Repos/rex-run-final-build
D:/Repos/rex-run-final-build
[UnityMemory] Configuration Parameters - Can be set up in boot.config
    "memorysetup-bucket-allocator-granularity=16"
    "memorysetup-bucket-allocator-bucket-count=8"
    "memorysetup-bucket-allocator-block-size=33554432"
    "memorysetup-bucket-allocator-block-count=8"
    "memorysetup-main-allocator-block-size=16777216"
    "memorysetup-thread-allocator-block-size=16777216"
    "memorysetup-gfx-main-allocator-block-size=16777216"
    "memorysetup-gfx-thread-allocator-block-size=16777216"
    "memorysetup-cache-allocator-block-size=4194304"
    "memorysetup-typetree-allocator-block-size=2097152"
    "memorysetup-profiler-bucket-allocator-granularity=16"
    "memorysetup-profiler-bucket-allocator-bucket-count=8"
    "memorysetup-profiler-bucket-allocator-block-size=33554432"
    "memorysetup-profiler-bucket-allocator-block-count=8"
    "memorysetup-profiler-allocator-block-size=16777216"
    "memorysetup-profiler-editor-allocator-block-size=1048576"
    "memorysetup-temp-allocator-size-main=16777216"
    "memorysetup-job-temp-allocator-block-size=2097152"
    "memorysetup-job-temp-allocator-block-size-background=1048576"
    "memorysetup-job-temp-allocator-reduction-small-platforms=262144"
    "memorysetup-temp-allocator-size-background-worker=32768"
    "memorysetup-temp-allocator-size-job-worker=262144"
    "memorysetup-temp-allocator-size-preload-manager=33554432"
    "memorysetup-temp-allocator-size-nav-mesh-worker=65536"
    "memorysetup-temp-allocator-size-audio-worker=65536"
    "memorysetup-temp-allocator-size-cloud-worker=32768"
    "memorysetup-temp-allocator-size-gi-baking-worker=262144"
    "memorysetup-temp-allocator-size-gfx=262144"
Refreshing native plugins compatible for Editor in 450.32 ms, found 3 plugins.
Preloading 0 native plugins for Editor in 0.00 ms.
Initialize engine version: 2021.3.8f1 (b30333d56e81)
[Subsystems] Discovering subsystems at path D:/Game Development/Unity/2021.3.8f1/Editor/Data/Resources/UnitySubsystems
[Subsystems] Discovering subsystems at path D:/Repos/rex-run-final-build/Assets
GfxDevice: creating device client; threaded=0; jobified=0
Direct3D:
    Version:  Direct3D 11.0 [level 11.1]
    Renderer: NVIDIA GeForce GTX 1650 (ID=0x1f82)
    Vendor:   NVIDIA
    VRAM:     3962 MB
    Driver:   31.0.15.1694
Initialize mono
Mono path[0] = 'D:/Game Development/Unity/2021.3.8f1/Editor/Data/Managed'
Mono path[1] = 'D:/Game Development/Unity/2021.3.8f1/Editor/Data/MonoBleedingEdge/lib/mono/unityjit-win32'
Mono config path = 'D:/Game Development/Unity/2021.3.8f1/Editor/Data/MonoBleedingEdge/etc'
Using monoOptions --debugger-agent=transport=dt_socket,embedding=1,server=y,suspend=n,address=127.0.0.1:56644
Begin MonoManager ReloadAssembly
Registering precompiled unity dll's ...
Register platform support module: D:/Game Development/Unity/2021.3.8f1/Editor/Data/PlaybackEngines/AndroidPlayer/UnityEditor.Android.Extensions.dll
Register platform support module: D:/Game Development/Unity/2021.3.8f1/Editor/Data/PlaybackEngines/iOSSupport/UnityEditor.iOS.Extensions.dll
Register platform support module: D:/Game Development/Unity/2021.3.8f1/Editor/Data/PlaybackEngines/WindowsStandaloneSupport/UnityEditor.WindowsStandalone.Extensions.dll
Registered in 0.010700 seconds.
Native extension for WindowsStandalone target not found
[usbmuxd] Start listen thread
[usbmuxd] Listen thread started
Native extension for iOS target not found
Native extension for Android target not found
Refreshing native plugins compatible for Editor in 435.03 ms, found 3 plugins.
Preloading 0 native plugins for Editor in 0.00 ms.
Mono: successfully reloaded assembly
- Completed reload, in  1.526 seconds
Domain Reload Profiling:
	ReloadAssembly (1527ms)
		BeginReloadAssembly (131ms)
			ExecutionOrderSort (0ms)
			DisableScriptedObjects (0ms)
			BackupInstance (0ms)
			ReleaseScriptingObjects (0ms)
			CreateAndSetChildDomain (1ms)
		EndReloadAssembly (1183ms)
			LoadAssemblies (131ms)
			RebuildTransferFunctionScriptingTraits (0ms)
			SetupTypeCache (231ms)
			ReleaseScriptCaches (0ms)
			RebuildScriptCaches (56ms)
			SetupLoadedEditorAssemblies (807ms)
				LogAssemblyErrors (0ms)
				InitializePlatformSupportModulesInManaged (113ms)
				SetLoadedEditorAssemblies (0ms)
				RefreshPlugins (435ms)
				BeforeProcessingInitializeOnLoad (2ms)
				ProcessInitializeOnLoadAttributes (172ms)
				ProcessInitializeOnLoadMethodAttributes (84ms)
				AfterProcessingInitializeOnLoad (0ms)
				EditorAssembliesLoaded (0ms)
			ExecutionOrderSort2 (0ms)
			AwakeInstancesAfterBackupRestoration (0ms)
Platform modules already initialized, skipping
Registering precompiled user dll's ...
Registered in 0.012404 seconds.
Begin MonoManager ReloadAssembly
Symbol file LoadedFromMemory doesn't match image D:\Repos\rex-run-final-build\Library\PackageCache\com.unity.visualscripting@1.7.8\Editor\VisualScripting.Core\Dependencies\YamlDotNet\Unity.VisualScripting.YamlDotNet.dll
Symbol file LoadedFromMemory doesn't match image D:\Repos\rex-run-final-build\Library\PackageCache\com.unity.visualscripting@1.7.8\Editor\VisualScripting.Core\Dependencies\DotNetZip\Unity.VisualScripting.IonicZip.dll
Native extension for WindowsStandalone target not found
Native extension for iOS target not found
Native extension for Android target not found
Refreshing native plugins compatible for Editor in 4.54 ms, found 3 plugins.
Preloading 0 native plugins for Editor in 0.00 ms.
Mono: successfully reloaded assembly
- Completed reload, in 21.166 seconds
Domain Reload Profiling:
	ReloadAssembly (21168ms)
		BeginReloadAssembly (336ms)
			ExecutionOrderSort (0ms)
			DisableScriptedObjects (13ms)
			BackupInstance (0ms)
			ReleaseScriptingObjects (0ms)
			CreateAndSetChildDomain (146ms)
		EndReloadAssembly (20604ms)
			LoadAssemblies (162ms)
			RebuildTransferFunctionScriptingTraits (0ms)
			SetupTypeCache (512ms)
			ReleaseScriptCaches (1ms)
			RebuildScriptCaches (109ms)
			SetupLoadedEditorAssemblies (19750ms)
				LogAssemblyErrors (0ms)
				InitializePlatformSupportModulesInManaged (47ms)
				SetLoadedEditorAssemblies (1ms)
				RefreshPlugins (5ms)
				BeforeProcessingInitializeOnLoad (146ms)
				ProcessInitializeOnLoadAttributes (19332ms)
				ProcessInitializeOnLoadMethodAttributes (210ms)
				AfterProcessingInitializeOnLoad (9ms)
				EditorAssembliesLoaded (0ms)
			ExecutionOrderSort2 (0ms)
			AwakeInstancesAfterBackupRestoration (12ms)
Platform modules already initialized, skipping
========================================================================
Worker process is ready to serve import requests
Launched and connected shader compiler UnityShaderCompiler.exe after 1.16 seconds
Refreshing native plugins compatible for Editor in 4.83 ms, found 3 plugins.
Preloading 0 native plugins for Editor in 0.00 ms.
Unloading 3296 Unused Serialized files (Serialized files now loaded: 0)
Unloading 24 unused Assets / (57.6 KB). Loaded Objects now: 3756.
Memory consumption went from 130.3 MB to 130.3 MB.
Total: 5.405700 ms (FindLiveObjects: 0.423100 ms CreateObjectMapping: 0.217700 ms MarkObjects: 4.646100 ms  DeleteObjects: 0.117300 ms)

AssetImportParameters requested are different than current active one (requested -> active):
  custom:video-decoder-ogg-theora: a1e56fd34408186e4bbccfd4996cb3dc -> 
  custom:container-muxer-webm: aa71ff27fc2769a1b78a27578f13a17b -> 
  custom:container-demuxer-webm: 4f35f7cbe854078d1ac9338744f61a02 -> 
  custom:video-encoder-webm-vp8: eb34c28f22e8b96e1ab97ce403110664 -> 
  custom:audio-encoder-webm-vorbis: bf7c407c2cedff20999df2af8eb42d56 -> 
  custom:framework-win-MediaFoundation: 216162199b28c13a410421893ffa2e32 -> 
  custom:container-demuxer-ogg: 62fdf1f143b41e24485cea50d1cbac27 -> 
  custom:video-decoder-webm-vp8: 9c59270c3fd7afecdb556c50c9e8de78 -> 
  custom:audio-decoder-ogg-vorbis: bf7c407c2cedff20999df2af8eb42d56 -> 
========================================================================
Received Import Request.
  Time since last request: 56966.635856 seconds.
  path: Assets/AudioManager.prefab
  artifactKey: Guid(756b9a9c0d896d64cb0cb81b29e2c7fb) Importer(815301076,1909f56bfc062723c751e8b465ee728b)
Start importing Assets/AudioManager.prefab using Guid(756b9a9c0d896d64cb0cb81b29e2c7fb) Importer(815301076,1909f56bfc062723c751e8b465ee728b)  -> (artifact id: '5077f501e654ca1a467bd6665e0f8ec6') in 0.094388 seconds 
========================================================================
Received Import Request.
  Time since last request: 0.000029 seconds.
  path: Assets/Background/MenuBackgrounds/OptionsBackground.png
  artifactKey: Guid(d4f1dc57fd36a294f8c7612a1ffab583) Importer(815301076,1909f56bfc062723c751e8b465ee728b)
Start importing Assets/Background/MenuBackgrounds/OptionsBackground.png using Guid(d4f1dc57fd36a294f8c7612a1ffab583) Importer(815301076,1909f56bfc062723c751e8b465ee728b)  -> (artifact id: 'e9f4f630599d7dcaf6d924274f383fdf') in 0.463396 seconds 
========================================================================
Received Import Request.
  Time since last request: 0.000033 seconds.
  path: Assets/UniversalRenderPipelineAsset.asset
  artifactKey: Guid(62f4fa108ba888847a0ee1667e00ba25) Importer(815301076,1909f56bfc062723c751e8b465ee728b)
Start importing Assets/UniversalRenderPipelineAsset.asset using Guid(62f4fa108ba888847a0ee1667e00ba25) Importer(815301076,1909f56bfc062723c751e8b465ee728b)  -> (artifact id: '969f4431672a7cb578b85bf3e1f685fc') in 0.017352 seconds 
========================================================================
Received Import Request.
  Time since last request: 0.000067 seconds.
  path: Assets/Background/MenuBackgrounds/CreditsBackground.png
  artifactKey: Guid(ee619244fc5e05e45b28b4a798aeefd4) Importer(815301076,1909f56bfc062723c751e8b465ee728b)
Start importing Assets/Background/MenuBackgrounds/CreditsBackground.png using Guid(ee619244fc5e05e45b28b4a798aeefd4) Importer(815301076,1909f56bfc062723c751e8b465ee728b)  -> (artifact id: '310d90767535fa4a5f650a8cd6ab653d') in 0.367855 seconds 
========================================================================
Received Import Request.
  Time since last request: 0.000029 seconds.
  path: Assets/Background/MenuBackgrounds/untitled.fbx
  artifactKey: Guid(0517be22ba1d17f49bee5a4a36533f50) Importer(815301076,1909f56bfc062723c751e8b465ee728b)
Start importing Assets/Background/MenuBackgrounds/untitled.fbx using Guid(0517be22ba1d17f49bee5a4a36533f50) Importer(815301076,1909f56bfc062723c751e8b465ee728b)  -> (artifact id: '61aed7c005f669173a48efc3f78b711d') in 0.984961 seconds 
========================================================================
Received Import Request.
  Time since last request: 0.000039 seconds.
  path: Assets/Scenes/TilePalettes/Palettes/parallax_demon_woods_pack/layers/parallax-demon-woods-close-trees.png
  artifactKey: Guid(66fb0c25e5755de48a5d6077bd3bf457) Importer(815301076,1909f56bfc062723c751e8b465ee728b)
Start importing Assets/Scenes/TilePalettes/Palettes/parallax_demon_woods_pack/layers/parallax-demon-woods-close-trees.png using Guid(66fb0c25e5755de48a5d6077bd3bf457) Importer(815301076,1909f56bfc062723c751e8b465ee728b)  -> (artifact id: '729ed38c1f10f818e14fa0a9ac7f4d35') in 0.156158 seconds 
========================================================================
Received Import Request.
  Time since last request: 0.000031 seconds.
  path: Assets/Scenes/Platform.prefab
  artifactKey: Guid(9c6e8c9b3a3688d458d8e205d1530627) Importer(815301076,1909f56bfc062723c751e8b465ee728b)
Start importing Assets/Scenes/Platform.prefab using Guid(9c6e8c9b3a3688d458d8e205d1530627) Importer(815301076,1909f56bfc062723c751e8b465ee728b)  -> (artifact id: '79f04b52f4afad6fbea294fd5a8bcd1c') in 0.409258 seconds 
========================================================================
Received Import Request.
  Time since last request: 0.000036 seconds.
  path: Assets/Environment/tiles_out.png
  artifactKey: Guid(f6ddea52528bffd41bfe01501b4f14e7) Importer(815301076,1909f56bfc062723c751e8b465ee728b)
Start importing Assets/Environment/tiles_out.png using Guid(f6ddea52528bffd41bfe01501b4f14e7) Importer(815301076,1909f56bfc062723c751e8b465ee728b)  -> (artifact id: '9470326259ed4e9fb8775f8a8749cafe') in 1.394147 seconds 
========================================================================
Received Import Request.
  Time since last request: 0.000042 seconds.
  path: Assets/Scenes/Level 1.unity
  artifactKey: Guid(cb0c89eb2c65dc044a8621dce48b0cbf) Importer(815301076,1909f56bfc062723c751e8b465ee728b)
Start importing Assets/Scenes/Level 1.unity using Guid(cb0c89eb2c65dc044a8621dce48b0cbf) Importer(815301076,1909f56bfc062723c751e8b465ee728b)  -> (artifact id: 'ecf84e66b984b1bb511c4064347d8959') in 0.015891 seconds 
========================================================================
Received Import Request.
  Time since last request: 0.000030 seconds.
  path: Assets/UniversalRenderPipelineGlobalSettings.asset
  artifactKey: Guid(c3b54f90a646f424f87353a052b55e92) Importer(815301076,1909f56bfc062723c751e8b465ee728b)
Start importing Assets/UniversalRenderPipelineGlobalSettings.asset using Guid(c3b54f90a646f424f87353a052b55e92) Importer(815301076,1909f56bfc062723c751e8b465ee728b)  -> (artifact id: 'aa1fe45d6cbf6a80eb94d23558f01f92') in 0.035400 seconds 
========================================================================
Received Import Request.
  Time since last request: 0.000027 seconds.
  path: Assets/Particles/Explosion_Particle.png
  artifactKey: Guid(a3a1798fed76dda409016c2e987a8d9c) Importer(815301076,1909f56bfc062723c751e8b465ee728b)
Start importing Assets/Particles/Explosion_Particle.png using Guid(a3a1798fed76dda409016c2e987a8d9c) Importer(815301076,1909f56bfc062723c751e8b465ee728b)  -> (artifact id: '811f6ddb319033b41312217184c82de5') in 0.138965 seconds 
========================================================================
Received Import Request.
  Time since last request: 0.000031 seconds.
  path: Assets/Environment/Galacti-Chrons Sci-Fi Warehouse Pack
  artifactKey: Guid(b042765f5a955cf41bb728ab41e47368) Importer(815301076,1909f56bfc062723c751e8b465ee728b)
Start importing Assets/Environment/Galacti-Chrons Sci-Fi Warehouse Pack using Guid(b042765f5a955cf41bb728ab41e47368) Importer(815301076,1909f56bfc062723c751e8b465ee728b)  -> (artifact id: '14f67bfeb0ffa3bd47c51f72f0f44da0') in 0.015388 seconds 
========================================================================
Received Import Request.
  Time since last request: 0.000046 seconds.
  path: Assets/UniversalRenderPipelineAsset_Renderer.asset
  artifactKey: Guid(d94dcc78b0c3f75428ab181fbea21b0b) Importer(815301076,1909f56bfc062723c751e8b465ee728b)
Start importing Assets/UniversalRenderPipelineAsset_Renderer.asset using Guid(d94dcc78b0c3f75428ab181fbea21b0b) Importer(815301076,1909f56bfc062723c751e8b465ee728b)  -> (artifact id: 'abc961ea9e287238a7848811a8c77682') in 0.043681 seconds 
========================================================================
Received Import Request.
  Time since last request: 0.000034 seconds.
  path: Assets/Scenes/DoorTrigger.prefab
  artifactKey: Guid(3ba6c05b89ec5a64bbd52025529d73d0) Importer(815301076,1909f56bfc062723c751e8b465ee728b)
Start importing Assets/Scenes/DoorTrigger.prefab using Guid(3ba6c05b89ec5a64bbd52025529d73d0) Importer(815301076,1909f56bfc062723c751e8b465ee728b)  -> (artifact id: '517ff552d5c96bee91117339cd764af7') in 0.019266 seconds 
========================================================================
Received Import Request.
  Time since last request: 0.000047 seconds.
  path: Assets/Scenes/Level 2.unity
  artifactKey: Guid(26d89a86d3eb92d4abdf78251577e38f) Importer(815301076,1909f56bfc062723c751e8b465ee728b)
Start importing Assets/Scenes/Level 2.unity using Guid(26d89a86d3eb92d4abdf78251577e38f) Importer(815301076,1909f56bfc062723c751e8b465ee728b)  -> (artifact id: 'c4e29b3e17ab63d0e84e27573ba39b5d') in 0.014351 seconds 
========================================================================
Received Import Request.
  Time since last request: 288.248790 seconds.
  path: Assets/Animation/playerDeathEffect.prefab
  artifactKey: Guid(f9a6b866f91c6234483f3340b4dba08b) Importer(815301076,1909f56bfc062723c751e8b465ee728b)
Start importing Assets/Animation/playerDeathEffect.prefab using Guid(f9a6b866f91c6234483f3340b4dba08b) Importer(815301076,1909f56bfc062723c751e8b465ee728b)  -> (artifact id: 'd2515994f37a8d0a5eee528a33f5b076') in 0.158992 seconds 
========================================================================
Received Import Request.
  Time since last request: 15.308761 seconds.
  path: Assets/Environment/Galacti-Chrons Sci-Fi Warehouse Pack/Galacti-Chrons Sci-Fi Warehouse Pack/fonts/zetareticuli.ttf
  artifactKey: Guid(fd0bf8e792263ae43ace66edb4e22f14) Importer(815301076,1909f56bfc062723c751e8b465ee728b)
Start importing Assets/Environment/Galacti-Chrons Sci-Fi Warehouse Pack/Galacti-Chrons Sci-Fi Warehouse Pack/fonts/zetareticuli.ttf using Guid(fd0bf8e792263ae43ace66edb4e22f14) Importer(815301076,1909f56bfc062723c751e8b465ee728b)  -> (artifact id: '78ae3576d26d35d95a9ab993a9546198') in 0.881672 seconds 
========================================================================
Received Import Request.
  Time since last request: 0.000033 seconds.
  path: Assets/Scenes/TilePalettes/Environment/Galacti-Chrons Sci-Fi Warehouse Pack/Galacti-Chrons Sci-Fi Warehouse Pack/fonts/zetareticuli.ttf
  artifactKey: Guid(4ca87d3153516804ab41afbf199fd30c) Importer(815301076,1909f56bfc062723c751e8b465ee728b)
Start importing Assets/Scenes/TilePalettes/Environment/Galacti-Chrons Sci-Fi Warehouse Pack/Galacti-Chrons Sci-Fi Warehouse Pack/fonts/zetareticuli.ttf using Guid(4ca87d3153516804ab41afbf199fd30c) Importer(815301076,1909f56bfc062723c751e8b465ee728b)  -> (artifact id: '2735c2698f73561f1688fcd337117714') in 0.166349 seconds 
========================================================================
Received Import Request.
  Time since last request: 0.000044 seconds.
  path: Assets/TextMesh Pro/Fonts/LiberationSans.ttf
  artifactKey: Guid(e3265ab4bf004d28a9537516768c1c75) Importer(815301076,1909f56bfc062723c751e8b465ee728b)
Start importing Assets/TextMesh Pro/Fonts/LiberationSans.ttf using Guid(e3265ab4bf004d28a9537516768c1c75) Importer(815301076,1909f56bfc062723c751e8b465ee728b)  -> (artifact id: '1cf8c179351828e1d2cd5835e6abdb00') in 0.117272 seconds 
========================================================================
Received Import Request.
  Time since last request: 0.000034 seconds.
  path: Assets/Environment/Galacti-Chrons Sci-Fi Warehouse Pack/Galacti-Chrons Sci-Fi Warehouse Pack/fonts/zetareticuliital.otf
  artifactKey: Guid(e797e48b0b8534f4fac08c68711551e7) Importer(815301076,1909f56bfc062723c751e8b465ee728b)
Start importing Assets/Environment/Galacti-Chrons Sci-Fi Warehouse Pack/Galacti-Chrons Sci-Fi Warehouse Pack/fonts/zetareticuliital.otf using Guid(e797e48b0b8534f4fac08c68711551e7) Importer(815301076,1909f56bfc062723c751e8b465ee728b)  -> (artifact id: '0439a02570d1d57a76f2203241de5d4d') in 0.156176 seconds 
========================================================================
Received Import Request.
  Time since last request: 0.000084 seconds.
  path: Assets/Scenes/TilePalettes/Environment/Galacti-Chrons Sci-Fi Warehouse Pack/Galacti-Chrons Sci-Fi Warehouse Pack/fonts/zetareticuliital.otf
  artifactKey: Guid(761bfbd518bf67249a634dd3064562c3) Importer(815301076,1909f56bfc062723c751e8b465ee728b)
Start importing Assets/Scenes/TilePalettes/Environment/Galacti-Chrons Sci-Fi Warehouse Pack/Galacti-Chrons Sci-Fi Warehouse Pack/fonts/zetareticuliital.otf using Guid(761bfbd518bf67249a634dd3064562c3) Importer(815301076,1909f56bfc062723c751e8b465ee728b)  -> (artifact id: 'e19be0185a90522b06ca9fbb2a662407') in 0.065554 seconds 
AssetImportWorkerClient::OnTransportError - code=10054 error=An existing connection was forcibly closed by the remote host.
