Using pre-set license
Built from '2021.3/staging' branch; Version is '2021.3.8f1 (b30333d56e81) revision 11731763'; Using compiler version '192829333'; Build Type 'Release'
OS: 'Windows 10  (10.0.19045) 64bit Core' Language: 'en' Physical Memory: 8174 MB
BatchMode: 1, IsHumanControllingUs: 0, StartBugReporterOnCrash: 0, Is64bit: 1, IsPro: 1

COMMAND LINE ARGUMENTS:
D:\Game Development\Unity\2021.3.8f1\Editor\Unity.exe
-adb2
-batchMode
-noUpm
-name
AssetImportWorker8
-projectPath
D:/Repos/rex-run-final-build
-logFile
Logs/AssetImportWorker8.log
-srvPort
60159
Successfully changed project path to: D:/Repos/rex-run-final-build
D:/Repos/rex-run-final-build
[UnityMemory] Configuration Parameters - Can be set up in boot.config
    "memorysetup-bucket-allocator-granularity=16"
    "memorysetup-bucket-allocator-bucket-count=8"
    "memorysetup-bucket-allocator-block-size=33554432"
    "memorysetup-bucket-allocator-block-count=8"
    "memorysetup-main-allocator-block-size=16777216"
    "memorysetup-thread-allocator-block-size=16777216"
    "memorysetup-gfx-main-allocator-block-size=16777216"
    "memorysetup-gfx-thread-allocator-block-size=16777216"
    "memorysetup-cache-allocator-block-size=4194304"
    "memorysetup-typetree-allocator-block-size=2097152"
    "memorysetup-profiler-bucket-allocator-granularity=16"
    "memorysetup-profiler-bucket-allocator-bucket-count=8"
    "memorysetup-profiler-bucket-allocator-block-size=33554432"
    "memorysetup-profiler-bucket-allocator-block-count=8"
    "memorysetup-profiler-allocator-block-size=16777216"
    "memorysetup-profiler-editor-allocator-block-size=1048576"
    "memorysetup-temp-allocator-size-main=16777216"
    "memorysetup-job-temp-allocator-block-size=2097152"
    "memorysetup-job-temp-allocator-block-size-background=1048576"
    "memorysetup-job-temp-allocator-reduction-small-platforms=262144"
    "memorysetup-temp-allocator-size-background-worker=32768"
    "memorysetup-temp-allocator-size-job-worker=262144"
    "memorysetup-temp-allocator-size-preload-manager=33554432"
    "memorysetup-temp-allocator-size-nav-mesh-worker=65536"
    "memorysetup-temp-allocator-size-audio-worker=65536"
    "memorysetup-temp-allocator-size-cloud-worker=32768"
    "memorysetup-temp-allocator-size-gi-baking-worker=262144"
    "memorysetup-temp-allocator-size-gfx=262144"
Refreshing native plugins compatible for Editor in 526.81 ms, found 3 plugins.
Preloading 0 native plugins for Editor in 0.00 ms.
Initialize engine version: 2021.3.8f1 (b30333d56e81)
[Subsystems] Discovering subsystems at path D:/Game Development/Unity/2021.3.8f1/Editor/Data/Resources/UnitySubsystems
[Subsystems] Discovering subsystems at path D:/Repos/rex-run-final-build/Assets
GfxDevice: creating device client; threaded=0; jobified=0
Direct3D:
    Version:  Direct3D 11.0 [level 11.1]
    Renderer: NVIDIA GeForce GTX 1650 (ID=0x1f82)
    Vendor:   NVIDIA
    VRAM:     3962 MB
    Driver:   31.0.15.1694
Initialize mono
Mono path[0] = 'D:/Game Development/Unity/2021.3.8f1/Editor/Data/Managed'
Mono path[1] = 'D:/Game Development/Unity/2021.3.8f1/Editor/Data/MonoBleedingEdge/lib/mono/unityjit-win32'
Mono config path = 'D:/Game Development/Unity/2021.3.8f1/Editor/Data/MonoBleedingEdge/etc'
Using monoOptions --debugger-agent=transport=dt_socket,embedding=1,server=y,suspend=n,address=127.0.0.1:56020
Begin MonoManager ReloadAssembly
Registering precompiled unity dll's ...
Register platform support module: D:/Game Development/Unity/2021.3.8f1/Editor/Data/PlaybackEngines/AndroidPlayer/UnityEditor.Android.Extensions.dll
Register platform support module: D:/Game Development/Unity/2021.3.8f1/Editor/Data/PlaybackEngines/iOSSupport/UnityEditor.iOS.Extensions.dll
Register platform support module: D:/Game Development/Unity/2021.3.8f1/Editor/Data/PlaybackEngines/WindowsStandaloneSupport/UnityEditor.WindowsStandalone.Extensions.dll
Registered in 0.010644 seconds.
Native extension for WindowsStandalone target not found
[usbmuxd] Start listen thread
[usbmuxd] Listen thread started
Native extension for iOS target not found
Native extension for Android target not found
Refreshing native plugins compatible for Editor in 465.00 ms, found 3 plugins.
Preloading 0 native plugins for Editor in 0.00 ms.
Mono: successfully reloaded assembly
- Completed reload, in  1.623 seconds
Domain Reload Profiling:
	ReloadAssembly (1624ms)
		BeginReloadAssembly (137ms)
			ExecutionOrderSort (0ms)
			DisableScriptedObjects (0ms)
			BackupInstance (0ms)
			ReleaseScriptingObjects (0ms)
			CreateAndSetChildDomain (1ms)
		EndReloadAssembly (1259ms)
			LoadAssemblies (137ms)
			RebuildTransferFunctionScriptingTraits (0ms)
			SetupTypeCache (239ms)
			ReleaseScriptCaches (0ms)
			RebuildScriptCaches (61ms)
			SetupLoadedEditorAssemblies (858ms)
				LogAssemblyErrors (0ms)
				InitializePlatformSupportModulesInManaged (123ms)
				SetLoadedEditorAssemblies (0ms)
				RefreshPlugins (465ms)
				BeforeProcessingInitializeOnLoad (3ms)
				ProcessInitializeOnLoadAttributes (185ms)
				ProcessInitializeOnLoadMethodAttributes (81ms)
				AfterProcessingInitializeOnLoad (0ms)
				EditorAssembliesLoaded (0ms)
			ExecutionOrderSort2 (0ms)
			AwakeInstancesAfterBackupRestoration (0ms)
Platform modules already initialized, skipping
Registering precompiled user dll's ...
Registered in 0.012822 seconds.
Begin MonoManager ReloadAssembly
Symbol file LoadedFromMemory doesn't match image D:\Repos\rex-run-final-build\Library\PackageCache\com.unity.visualscripting@1.7.8\Editor\VisualScripting.Core\Dependencies\YamlDotNet\Unity.VisualScripting.YamlDotNet.dll
Symbol file LoadedFromMemory doesn't match image D:\Repos\rex-run-final-build\Library\PackageCache\com.unity.visualscripting@1.7.8\Editor\VisualScripting.Core\Dependencies\DotNetZip\Unity.VisualScripting.IonicZip.dll
Native extension for WindowsStandalone target not found
Native extension for iOS target not found
Native extension for Android target not found
Refreshing native plugins compatible for Editor in 4.03 ms, found 3 plugins.
Preloading 0 native plugins for Editor in 0.00 ms.
Mono: successfully reloaded assembly
- Completed reload, in 17.961 seconds
Domain Reload Profiling:
	ReloadAssembly (18009ms)
		BeginReloadAssembly (448ms)
			ExecutionOrderSort (0ms)
			DisableScriptedObjects (16ms)
			BackupInstance (0ms)
			ReleaseScriptingObjects (0ms)
			CreateAndSetChildDomain (210ms)
		EndReloadAssembly (17348ms)
			LoadAssemblies (149ms)
			RebuildTransferFunctionScriptingTraits (0ms)
			SetupTypeCache (491ms)
			ReleaseScriptCaches (1ms)
			RebuildScriptCaches (99ms)
			SetupLoadedEditorAssemblies (16537ms)
				LogAssemblyErrors (0ms)
				InitializePlatformSupportModulesInManaged (42ms)
				SetLoadedEditorAssemblies (1ms)
				RefreshPlugins (4ms)
				BeforeProcessingInitializeOnLoad (135ms)
				ProcessInitializeOnLoadAttributes (16132ms)
				ProcessInitializeOnLoadMethodAttributes (214ms)
				AfterProcessingInitializeOnLoad (9ms)
				EditorAssembliesLoaded (0ms)
			ExecutionOrderSort2 (0ms)
			AwakeInstancesAfterBackupRestoration (12ms)
Platform modules already initialized, skipping
========================================================================
Worker process is ready to serve import requests
Launched and connected shader compiler UnityShaderCompiler.exe after 1.04 seconds
Refreshing native plugins compatible for Editor in 4.37 ms, found 3 plugins.
Preloading 0 native plugins for Editor in 0.00 ms.
Unloading 3296 Unused Serialized files (Serialized files now loaded: 0)
Unloading 24 unused Assets / (57.6 KB). Loaded Objects now: 3756.
Memory consumption went from 130.3 MB to 130.3 MB.
Total: 5.445800 ms (FindLiveObjects: 0.391700 ms CreateObjectMapping: 0.201000 ms MarkObjects: 4.722600 ms  DeleteObjects: 0.128500 ms)

AssetImportParameters requested are different than current active one (requested -> active):
  custom:video-decoder-ogg-theora: a1e56fd34408186e4bbccfd4996cb3dc -> 
  custom:container-muxer-webm: aa71ff27fc2769a1b78a27578f13a17b -> 
  custom:container-demuxer-webm: 4f35f7cbe854078d1ac9338744f61a02 -> 
  custom:video-encoder-webm-vp8: eb34c28f22e8b96e1ab97ce403110664 -> 
  custom:audio-encoder-webm-vorbis: bf7c407c2cedff20999df2af8eb42d56 -> 
  custom:framework-win-MediaFoundation: 216162199b28c13a410421893ffa2e32 -> 
  custom:container-demuxer-ogg: 62fdf1f143b41e24485cea50d1cbac27 -> 
  custom:video-decoder-webm-vp8: 9c59270c3fd7afecdb556c50c9e8de78 -> 
  custom:audio-decoder-ogg-vorbis: bf7c407c2cedff20999df2af8eb42d56 -> 
========================================================================
Received Import Request.
  Time since last request: 56966.634534 seconds.
  path: Assets/Scenes/TilePalettes/Palettes/parallax_demon_woods_pack/layers/parallax-demon-woods-bg.png
  artifactKey: Guid(1d5a892a15197144185ef3028fd43686) Importer(815301076,1909f56bfc062723c751e8b465ee728b)
Start importing Assets/Scenes/TilePalettes/Palettes/parallax_demon_woods_pack/layers/parallax-demon-woods-bg.png using Guid(1d5a892a15197144185ef3028fd43686) Importer(815301076,1909f56bfc062723c751e8b465ee728b)  -> (artifact id: '8cfafdf0c87c942c103477d722464916') in 0.398651 seconds 
========================================================================
Received Import Request.
  Time since last request: 0.000041 seconds.
  path: Assets/Scenes/TilePalettes/Palettes/parallax_demon_woods_pack/layers/parallax-demon-woods-far-trees.png
  artifactKey: Guid(f279f426db1bf0a44a019f4e6ff79784) Importer(815301076,1909f56bfc062723c751e8b465ee728b)
Start importing Assets/Scenes/TilePalettes/Palettes/parallax_demon_woods_pack/layers/parallax-demon-woods-far-trees.png using Guid(f279f426db1bf0a44a019f4e6ff79784) Importer(815301076,1909f56bfc062723c751e8b465ee728b)  -> (artifact id: 'c97a2a8e4320aaf0d61d9060fb8d5ec3') in 0.095999 seconds 
========================================================================
Received Import Request.
  Time since last request: 0.000039 seconds.
  path: Assets/Scenes
  artifactKey: Guid(131a6b21c8605f84396be9f6751fb6e3) Importer(815301076,1909f56bfc062723c751e8b465ee728b)
Start importing Assets/Scenes using Guid(131a6b21c8605f84396be9f6751fb6e3) Importer(815301076,1909f56bfc062723c751e8b465ee728b)  -> (artifact id: '2c23e514d24f6b65fe96946cd87fc526') in 0.115418 seconds 
========================================================================
Received Import Request.
  Time since last request: 0.000028 seconds.
  path: Assets/Scenes/MovingPlatform.prefab
  artifactKey: Guid(04a234255f180b646a36afe04cf4fe6f) Importer(815301076,1909f56bfc062723c751e8b465ee728b)
Start importing Assets/Scenes/MovingPlatform.prefab using Guid(04a234255f180b646a36afe04cf4fe6f) Importer(815301076,1909f56bfc062723c751e8b465ee728b)  -> (artifact id: '2114178de0cceabf2d8c512d410087b1') in 0.113536 seconds 
========================================================================
Received Import Request.
  Time since last request: 0.000036 seconds.
  path: Assets/Background/MenuBackgrounds/ScoreBoardBackground.png
  artifactKey: Guid(29a19d36b8c12584a81428ce3e0350ec) Importer(815301076,1909f56bfc062723c751e8b465ee728b)
Start importing Assets/Background/MenuBackgrounds/ScoreBoardBackground.png using Guid(29a19d36b8c12584a81428ce3e0350ec) Importer(815301076,1909f56bfc062723c751e8b465ee728b)  -> (artifact id: '880b4c314ae6b0f58a4b83e6f6f441b3') in 0.272105 seconds 
========================================================================
Received Import Request.
  Time since last request: 0.000038 seconds.
  path: Assets/UI/Amour Bar Spritesheet.png
  artifactKey: Guid(3f474e6ff8781d742a75ed846e1a56aa) Importer(815301076,1909f56bfc062723c751e8b465ee728b)
Start importing Assets/UI/Amour Bar Spritesheet.png using Guid(3f474e6ff8781d742a75ed846e1a56aa) Importer(815301076,1909f56bfc062723c751e8b465ee728b)  -> (artifact id: '60156e57913a2293f935e7e8045a68f7') in 0.258445 seconds 
========================================================================
Received Import Request.
  Time since last request: 0.000036 seconds.
  path: Assets/Scenes/TilePalettes/Palettes/parallax_demon_woods_pack/layers/parallax-demon-woods-mid-trees.png
  artifactKey: Guid(be32404ea17af384a9f7e146fa079be3) Importer(815301076,1909f56bfc062723c751e8b465ee728b)
Start importing Assets/Scenes/TilePalettes/Palettes/parallax_demon_woods_pack/layers/parallax-demon-woods-mid-trees.png using Guid(be32404ea17af384a9f7e146fa079be3) Importer(815301076,1909f56bfc062723c751e8b465ee728b)  -> (artifact id: '4028ae2fc2b4829e56eba5fdd0d76c11') in 0.159870 seconds 
========================================================================
Received Import Request.
  Time since last request: 0.000040 seconds.
  path: Assets/Environment/Space Cave Tileset.png
  artifactKey: Guid(0d0690de0ba7cf64791464b81c998b30) Importer(815301076,1909f56bfc062723c751e8b465ee728b)
Start importing Assets/Environment/Space Cave Tileset.png using Guid(0d0690de0ba7cf64791464b81c998b30) Importer(815301076,1909f56bfc062723c751e8b465ee728b)  -> (artifact id: '7a783f0d33bd76f830f67a723fab8296') in 0.479779 seconds 
========================================================================
Received Import Request.
  Time since last request: 0.000041 seconds.
  path: Assets/grenades_by_mtk.png
  artifactKey: Guid(0fd2d4ade1dabb6469d2fea568fad0fa) Importer(815301076,1909f56bfc062723c751e8b465ee728b)
Start importing Assets/grenades_by_mtk.png using Guid(0fd2d4ade1dabb6469d2fea568fad0fa) Importer(815301076,1909f56bfc062723c751e8b465ee728b)  -> (artifact id: '73897b76351d34229a3577a421103841') in 0.128217 seconds 
========================================================================
Received Import Request.
  Time since last request: 0.000074 seconds.
  path: Assets/Environment/0CL_CyberLab_TileSet 16x16.png
  artifactKey: Guid(e6319252c8004b54d8f8dd4b5dfc5757) Importer(815301076,1909f56bfc062723c751e8b465ee728b)
Start importing Assets/Environment/0CL_CyberLab_TileSet 16x16.png using Guid(e6319252c8004b54d8f8dd4b5dfc5757) Importer(815301076,1909f56bfc062723c751e8b465ee728b)  -> (artifact id: 'a3ad9fe0ac0b040edc4fe6d7bcc80269') in 0.576413 seconds 
========================================================================
Received Import Request.
  Time since last request: 0.000035 seconds.
  path: Assets/Environment/PixelCaves
  artifactKey: Guid(f53bdf7268f64cd409e46a03438fddb5) Importer(815301076,1909f56bfc062723c751e8b465ee728b)
Start importing Assets/Environment/PixelCaves using Guid(f53bdf7268f64cd409e46a03438fddb5) Importer(815301076,1909f56bfc062723c751e8b465ee728b)  -> (artifact id: 'f3d8ea1443913e63d89fc12cee4a13ae') in 0.014417 seconds 
========================================================================
Received Import Request.
  Time since last request: 0.000053 seconds.
  path: Assets/Background/MenuBackgrounds/MainMenuBackgroundImage.png
  artifactKey: Guid(aed46bacbb183d244b70c72876b47085) Importer(815301076,1909f56bfc062723c751e8b465ee728b)
Start importing Assets/Background/MenuBackgrounds/MainMenuBackgroundImage.png using Guid(aed46bacbb183d244b70c72876b47085) Importer(815301076,1909f56bfc062723c751e8b465ee728b)  -> (artifact id: 'd1f2f8d5edb345632801361887b3098e') in 0.409601 seconds 
========================================================================
Received Import Request.
  Time since last request: 0.000036 seconds.
  path: Assets/Environment/Subway_tiles.png
  artifactKey: Guid(54bddb9e4c4a38543aae6f33fc9fd393) Importer(815301076,1909f56bfc062723c751e8b465ee728b)
Start importing Assets/Environment/Subway_tiles.png using Guid(54bddb9e4c4a38543aae6f33fc9fd393) Importer(815301076,1909f56bfc062723c751e8b465ee728b)  -> (artifact id: 'a2f41ef657dd080ffbfdc60c3c3affb9') in 2.027214 seconds 
========================================================================
Received Import Request.
  Time since last request: 287.057482 seconds.
  path: Assets/Animation/deathEffect.prefab
  artifactKey: Guid(ad55a137af41c40439a650a637af912f) Importer(815301076,1909f56bfc062723c751e8b465ee728b)
Start importing Assets/Animation/deathEffect.prefab using Guid(ad55a137af41c40439a650a637af912f) Importer(815301076,1909f56bfc062723c751e8b465ee728b)  -> (artifact id: 'b28bab7282431d0bac28ba3c0b14f924') in 0.201877 seconds 
========================================================================
Received Import Request.
  Time since last request: 15.307325 seconds.
  path: Assets/Environment/Galacti-Chrons Sci-Fi Warehouse Pack/Galacti-Chrons Sci-Fi Warehouse Pack/fonts/mplus-1m-regular.ttf
  artifactKey: Guid(ac0061e9483c3aa43b7cf80767e3e069) Importer(815301076,1909f56bfc062723c751e8b465ee728b)
Start importing Assets/Environment/Galacti-Chrons Sci-Fi Warehouse Pack/Galacti-Chrons Sci-Fi Warehouse Pack/fonts/mplus-1m-regular.ttf using Guid(ac0061e9483c3aa43b7cf80767e3e069) Importer(815301076,1909f56bfc062723c751e8b465ee728b)  -> (artifact id: 'd3531a8b4c76446a4cb9af8e0c318aea') in 0.882219 seconds 
========================================================================
Received Import Request.
  Time since last request: 0.000034 seconds.
  path: Assets/Scenes/TilePalettes/Environment/Galacti-Chrons Sci-Fi Warehouse Pack/Galacti-Chrons Sci-Fi Warehouse Pack/fonts/mplus-1m-regular.ttf
  artifactKey: Guid(812688bfcfaea4348a17ee470fbcf84c) Importer(815301076,1909f56bfc062723c751e8b465ee728b)
Start importing Assets/Scenes/TilePalettes/Environment/Galacti-Chrons Sci-Fi Warehouse Pack/Galacti-Chrons Sci-Fi Warehouse Pack/fonts/mplus-1m-regular.ttf using Guid(812688bfcfaea4348a17ee470fbcf84c) Importer(815301076,1909f56bfc062723c751e8b465ee728b)  -> (artifact id: 'bad9b7c8e849305cf85fa1608a46b209') in 0.173518 seconds 
========================================================================
Received Import Request.
  Time since last request: 0.000041 seconds.
  path: Assets/TextMesh Pro/Resources/Fonts & Materials/LiberationSans SDF - Drop Shadow.mat
  artifactKey: Guid(e73a58f6e2794ae7b1b7e50b7fb811b0) Importer(815301076,1909f56bfc062723c751e8b465ee728b)
Start importing Assets/TextMesh Pro/Resources/Fonts & Materials/LiberationSans SDF - Drop Shadow.mat using Guid(e73a58f6e2794ae7b1b7e50b7fb811b0) Importer(815301076,1909f56bfc062723c751e8b465ee728b)  -> (artifact id: '958c0bdebca106a2fe51ed1a6c02aae0') in 0.352754 seconds 
